[debug] [2022-09-18T07:21:22.396Z] ----------------------------------------------------------------------
[debug] [2022-09-18T07:21:22.398Z] Command:       /usr/bin/node /usr/bin/firebase init
[debug] [2022-09-18T07:21:22.399Z] CLI Version:   11.9.0
[debug] [2022-09-18T07:21:22.399Z] Platform:      linux
[debug] [2022-09-18T07:21:22.399Z] Node Version:  v14.19.3
[debug] [2022-09-18T07:21:22.399Z] Time:          Sun Sep 18 2022 12:51:22 GMT+0530 (India Standard Time)
[debug] [2022-09-18T07:21:22.399Z] ----------------------------------------------------------------------
[debug] 
[debug] [2022-09-18T07:21:22.401Z] >>> [apiv2][query] GET https://firebase-public.firebaseio.com/cli.json [none]
[debug] [2022-09-18T07:21:22.417Z] > command requires scopes: ["email","openid","https://www.googleapis.com/auth/cloudplatformprojects.readonly","https://www.googleapis.com/auth/firebase","https://www.googleapis.com/auth/cloud-platform"]
[debug] [2022-09-18T07:21:22.418Z] > authorizing via signed-in user (etc.work28@gmail.com)
[info] 
     ######## #### ########  ######## ########     ###     ######  ########
     ##        ##  ##     ## ##       ##     ##  ##   ##  ##       ##
     ######    ##  ########  ######   ########  #########  ######  ######
     ##        ##  ##    ##  ##       ##     ## ##     ##       ## ##
     ##       #### ##     ## ######## ########  ##     ##  ######  ########

You're about to initialize a Firebase project in this directory:

  /home/user/Desktop/Micro/contact_service

[debug] [2022-09-18T07:21:23.075Z] <<< [apiv2][status] GET https://firebase-public.firebaseio.com/cli.json 200
[debug] [2022-09-18T07:21:23.076Z] <<< [apiv2][body] GET https://firebase-public.firebaseio.com/cli.json {"cloudBuildErrorAfter":1594252800000,"cloudBuildWarnAfter":1590019200000,"defaultNode10After":1594252800000,"minVersion":"3.0.5","node8DeploysDisabledAfter":1613390400000,"node8RuntimeDisabledAfter":1615809600000,"node8WarnAfter":1600128000000}
